build/app/intermediates/manifest_merge_blame_file/debug/manifest-merger-blame-debug-report.txt
1<?xml version="1.0" encoding="utf-8"?>
2<manifest xmlns:android="http://schemas.android.com/apk/res/android"
3    package="com.example.flutter_application"
4    android:versionCode="1"
5    android:versionName="1.0.0" >
6
7    <uses-sdk
8        android:minSdkVersion="21"
9        android:targetSdkVersion="30" />
10    <!--
11         Flutter needs it to communicate with the running application
12         to allow setting breakpoints, to provide hot reload, etc.
13    -->
14    <uses-permission android:name="android.permission.INTERNET" />
14-->src\debug\AndroidManifest.xml:6:5-66
14-->src\debug\AndroidManifest.xml:6:22-64
15    <uses-permission android:name="android.permission.ACCESS_NETWORK_STATE" />
15-->[com.google.firebase:firebase-auth:21.0.1] AndroidManifest.xml:24:5-79
15-->[com.google.firebase:firebase-auth:21.0.1] AndroidManifest.xml:24:22-76
16    <uses-permission android:name="android.permission.WAKE_LOCK" />
16-->[com.google.android.gms:play-services-measurement-api:19.0.2] AndroidManifest.xml:24:5-68
16-->[com.google.android.gms:play-services-measurement-api:19.0.2] AndroidManifest.xml:24:22-65
17    <uses-permission android:name="com.google.android.finsky.permission.BIND_GET_INSTALL_REFERRER_SERVICE" />
17-->[com.google.android.gms:play-services-measurement:19.0.2] AndroidManifest.xml:26:5-110
17-->[com.google.android.gms:play-services-measurement:19.0.2] AndroidManifest.xml:26:22-107
18
19    <application
19-->src\main\AndroidManifest.xml:3:4-40:19
20        android:appComponentFactory="androidx.core.app.CoreComponentFactory"
20-->[androidx.core:core:1.1.0] AndroidManifest.xml:24:18-86
21        android:debuggable="true"
22        android:icon="@mipmap/ic_launcher"
22-->src\main\AndroidManifest.xml:5:9-43
23        android:label="Smart Shop" >
23-->src\main\AndroidManifest.xml:4:9-35
24        <activity
24-->src\main\AndroidManifest.xml:6:9-34:20
25            android:name="com.example.flutter_application.MainActivity"
25-->src\main\AndroidManifest.xml:7:13-41
26            android:configChanges="orientation|keyboardHidden|keyboard|screenSize|smallestScreenSize|locale|layoutDirection|fontScale|screenLayout|density|uiMode"
26-->src\main\AndroidManifest.xml:10:13-163
27            android:hardwareAccelerated="true"
27-->src\main\AndroidManifest.xml:11:13-47
28            android:launchMode="singleTop"
28-->src\main\AndroidManifest.xml:8:13-43
29            android:theme="@style/LaunchTheme"
29-->src\main\AndroidManifest.xml:9:13-47
30            android:windowSoftInputMode="adjustResize" >
30-->src\main\AndroidManifest.xml:12:13-55
31
32            <!--
33                 Specifies an Android theme to apply to this Activity as soon as
34                 the Android process has started. This theme is visible to the user
35                 while the Flutter UI initializes. After that, this theme continues
36                 to determine the Window background behind the Flutter UI.
37            -->
38            <meta-data
38-->src\main\AndroidManifest.xml:17:13-20:17
39                android:name="io.flutter.embedding.android.NormalTheme"
39-->src\main\AndroidManifest.xml:18:15-70
40                android:resource="@style/NormalTheme" />
40-->src\main\AndroidManifest.xml:19:15-52
41            <!--
42                 Displays an Android View that continues showing the launch screen
43                 Drawable until Flutter paints its first frame, then this splash
44                 screen fades out. A splash screen is useful to avoid any visual
45                 gap between the end of Android's launch screen and the painting of
46                 Flutter's first frame.
47            -->
48            <meta-data
48-->src\main\AndroidManifest.xml:26:13-29:17
49                android:name="io.flutter.embedding.android.SplashScreenDrawable"
49-->src\main\AndroidManifest.xml:27:15-79
50                android:resource="@drawable/launch_background" />
50-->src\main\AndroidManifest.xml:28:15-61
51
52            <intent-filter>
52-->src\main\AndroidManifest.xml:30:13-33:29
53                <action android:name="android.intent.action.MAIN" />
53-->src\main\AndroidManifest.xml:31:17-68
53-->src\main\AndroidManifest.xml:31:25-66
54
55                <category android:name="android.intent.category.LAUNCHER" />
55-->src\main\AndroidManifest.xml:32:17-76
55-->src\main\AndroidManifest.xml:32:27-74
56            </intent-filter>
57        </activity>
58        <!--
59             Don't delete the meta-data below.
60             This is used by the Flutter tool to generate GeneratedPluginRegistrant.java
61        -->
62        <meta-data
62-->src\main\AndroidManifest.xml:37:9-39:33
63            android:name="flutterEmbedding"
63-->src\main\AndroidManifest.xml:38:13-44
64            android:value="2" />
64-->src\main\AndroidManifest.xml:39:13-30
65
66        <service
66-->[:firebase_auth] AndroidManifest.xml:8:9-12:19
67            android:name="com.google.firebase.components.ComponentDiscoveryService"
67-->[:firebase_auth] AndroidManifest.xml:8:18-89
68            android:directBootAware="true"
68-->[com.google.firebase:firebase-common:20.0.0] AndroidManifest.xml:35:13-43
69            android:exported="false" >
69-->[com.google.firebase:firebase-auth:21.0.1] AndroidManifest.xml:76:13-37
70            <meta-data
70-->[:firebase_auth] AndroidManifest.xml:9:13-11:85
71                android:name="com.google.firebase.components:io.flutter.plugins.firebase.auth.FlutterFirebaseAuthRegistrar"
71-->[:firebase_auth] AndroidManifest.xml:10:17-124
72                android:value="com.google.firebase.components.ComponentRegistrar" />
72-->[:firebase_auth] AndroidManifest.xml:11:17-82
73            <meta-data
73-->[:cloud_firestore] AndroidManifest.xml:9:13-11:85
74                android:name="com.google.firebase.components:io.flutter.plugins.firebase.firestore.FlutterFirebaseFirestoreRegistrar"
74-->[:cloud_firestore] AndroidManifest.xml:10:17-134
75                android:value="com.google.firebase.components.ComponentRegistrar" />
75-->[:cloud_firestore] AndroidManifest.xml:11:17-82
76            <meta-data
76-->[:firebase_core] AndroidManifest.xml:9:13-11:85
77                android:name="com.google.firebase.components:io.flutter.plugins.firebase.core.FlutterFirebaseCoreRegistrar"
77-->[:firebase_core] AndroidManifest.xml:10:17-124
78                android:value="com.google.firebase.components.ComponentRegistrar" />
78-->[:firebase_core] AndroidManifest.xml:11:17-82
79            <meta-data
79-->[com.google.firebase:firebase-auth:21.0.1] AndroidManifest.xml:77:13-79:85
80                android:name="com.google.firebase.components:com.google.firebase.auth.FirebaseAuthRegistrar"
80-->[com.google.firebase:firebase-auth:21.0.1] AndroidManifest.xml:78:17-109
81                android:value="com.google.firebase.components.ComponentRegistrar" />
81-->[com.google.firebase:firebase-auth:21.0.1] AndroidManifest.xml:79:17-82
82            <meta-data
82-->[com.google.firebase:firebase-firestore:23.0.4] AndroidManifest.xml:20:13-22:85
83                android:name="com.google.firebase.components:com.google.firebase.firestore.FirestoreRegistrar"
83-->[com.google.firebase:firebase-firestore:23.0.4] AndroidManifest.xml:21:17-111
84                android:value="com.google.firebase.components.ComponentRegistrar" />
84-->[com.google.firebase:firebase-firestore:23.0.4] AndroidManifest.xml:22:17-82
85            <meta-data
85-->[com.google.android.gms:play-services-measurement-api:19.0.2] AndroidManifest.xml:30:13-32:85
86                android:name="com.google.firebase.components:com.google.firebase.analytics.connector.internal.AnalyticsConnectorRegistrar"
86-->[com.google.android.gms:play-services-measurement-api:19.0.2] AndroidManifest.xml:31:17-139
87                android:value="com.google.firebase.components.ComponentRegistrar" />
87-->[com.google.android.gms:play-services-measurement-api:19.0.2] AndroidManifest.xml:32:17-82
88            <meta-data
88-->[com.google.firebase:firebase-installations:17.0.0] AndroidManifest.xml:18:13-20:85
89                android:name="com.google.firebase.components:com.google.firebase.installations.FirebaseInstallationsRegistrar"
89-->[com.google.firebase:firebase-installations:17.0.0] AndroidManifest.xml:19:17-127
90                android:value="com.google.firebase.components.ComponentRegistrar" />
90-->[com.google.firebase:firebase-installations:17.0.0] AndroidManifest.xml:20:17-82
91        </service>
92
93        <provider
93-->[:image_picker] AndroidManifest.xml:8:9-16:20
94            android:name="io.flutter.plugins.imagepicker.ImagePickerFileProvider"
94-->[:image_picker] AndroidManifest.xml:9:13-82
95            android:authorities="com.example.flutter_application.flutter.image_provider"
95-->[:image_picker] AndroidManifest.xml:10:13-74
96            android:exported="false"
96-->[:image_picker] AndroidManifest.xml:11:13-37
97            android:grantUriPermissions="true" >
97-->[:image_picker] AndroidManifest.xml:12:13-47
98            <meta-data
98-->[:image_picker] AndroidManifest.xml:13:13-15:75
99                android:name="android.support.FILE_PROVIDER_PATHS"
99-->[:image_picker] AndroidManifest.xml:14:17-67
100                android:resource="@xml/flutter_image_picker_file_paths" />
100-->[:image_picker] AndroidManifest.xml:15:17-72
101        </provider>
102
103        <activity
103-->[com.google.firebase:firebase-auth:21.0.1] AndroidManifest.xml:27:9-44:20
104            android:name="com.google.firebase.auth.internal.GenericIdpActivity"
104-->[com.google.firebase:firebase-auth:21.0.1] AndroidManifest.xml:28:13-80
105            android:excludeFromRecents="true"
105-->[com.google.firebase:firebase-auth:21.0.1] AndroidManifest.xml:29:13-46
106            android:exported="true"
106-->[com.google.firebase:firebase-auth:21.0.1] AndroidManifest.xml:30:13-36
107            android:launchMode="singleTask"
107-->[com.google.firebase:firebase-auth:21.0.1] AndroidManifest.xml:31:13-44
108            android:theme="@android:style/Theme.Translucent.NoTitleBar" >
108-->[com.google.firebase:firebase-auth:21.0.1] AndroidManifest.xml:32:13-72
109            <intent-filter>
109-->[com.google.firebase:firebase-auth:21.0.1] AndroidManifest.xml:33:13-43:29
110                <action android:name="android.intent.action.VIEW" />
110-->[com.google.firebase:firebase-auth:21.0.1] AndroidManifest.xml:34:17-69
110-->[com.google.firebase:firebase-auth:21.0.1] AndroidManifest.xml:34:25-66
111
112                <category android:name="android.intent.category.DEFAULT" />
112-->[com.google.firebase:firebase-auth:21.0.1] AndroidManifest.xml:36:17-76
112-->[com.google.firebase:firebase-auth:21.0.1] AndroidManifest.xml:36:27-73
113                <category android:name="android.intent.category.BROWSABLE" />
113-->[com.google.firebase:firebase-auth:21.0.1] AndroidManifest.xml:37:17-78
113-->[com.google.firebase:firebase-auth:21.0.1] AndroidManifest.xml:37:27-75
114
115                <data
115-->[com.google.firebase:firebase-auth:21.0.1] AndroidManifest.xml:39:17-42:51
116                    android:host="firebase.auth"
116-->[com.google.firebase:firebase-auth:21.0.1] AndroidManifest.xml:40:21-49
117                    android:path="/"
117-->[com.google.firebase:firebase-auth:21.0.1] AndroidManifest.xml:41:21-37
118                    android:scheme="genericidp" />
118-->[com.google.firebase:firebase-auth:21.0.1] AndroidManifest.xml:42:21-48
119            </intent-filter>
120        </activity>
121        <activity
121-->[com.google.firebase:firebase-auth:21.0.1] AndroidManifest.xml:45:9-62:20
122            android:name="com.google.firebase.auth.internal.RecaptchaActivity"
122-->[com.google.firebase:firebase-auth:21.0.1] AndroidManifest.xml:46:13-79
123            android:excludeFromRecents="true"
123-->[com.google.firebase:firebase-auth:21.0.1] AndroidManifest.xml:47:13-46
124            android:exported="true"
124-->[com.google.firebase:firebase-auth:21.0.1] AndroidManifest.xml:48:13-36
125            android:launchMode="singleTask"
125-->[com.google.firebase:firebase-auth:21.0.1] AndroidManifest.xml:49:13-44
126            android:theme="@android:style/Theme.Translucent.NoTitleBar" >
126-->[com.google.firebase:firebase-auth:21.0.1] AndroidManifest.xml:50:13-72
127            <intent-filter>
127-->[com.google.firebase:firebase-auth:21.0.1] AndroidManifest.xml:51:13-61:29
128                <action android:name="android.intent.action.VIEW" />
128-->[com.google.firebase:firebase-auth:21.0.1] AndroidManifest.xml:34:17-69
128-->[com.google.firebase:firebase-auth:21.0.1] AndroidManifest.xml:34:25-66
129
130                <category android:name="android.intent.category.DEFAULT" />
130-->[com.google.firebase:firebase-auth:21.0.1] AndroidManifest.xml:36:17-76
130-->[com.google.firebase:firebase-auth:21.0.1] AndroidManifest.xml:36:27-73
131                <category android:name="android.intent.category.BROWSABLE" />
131-->[com.google.firebase:firebase-auth:21.0.1] AndroidManifest.xml:37:17-78
131-->[com.google.firebase:firebase-auth:21.0.1] AndroidManifest.xml:37:27-75
132
133                <data
133-->[com.google.firebase:firebase-auth:21.0.1] AndroidManifest.xml:39:17-42:51
134                    android:host="firebase.auth"
134-->[com.google.firebase:firebase-auth:21.0.1] AndroidManifest.xml:40:21-49
135                    android:path="/"
135-->[com.google.firebase:firebase-auth:21.0.1] AndroidManifest.xml:41:21-37
136                    android:scheme="recaptcha" />
136-->[com.google.firebase:firebase-auth:21.0.1] AndroidManifest.xml:42:21-48
137            </intent-filter>
138        </activity>
139
140        <service
140-->[com.google.firebase:firebase-auth:21.0.1] AndroidManifest.xml:64:9-73:19
141            android:name="com.google.firebase.auth.api.fallback.service.FirebaseAuthFallbackService"
141-->[com.google.firebase:firebase-auth:21.0.1] AndroidManifest.xml:65:13-101
142            android:enabled="true"
142-->[com.google.firebase:firebase-auth:21.0.1] AndroidManifest.xml:66:13-35
143            android:exported="false" >
143-->[com.google.firebase:firebase-auth:21.0.1] AndroidManifest.xml:67:13-37
144            <intent-filter>
144-->[com.google.firebase:firebase-auth:21.0.1] AndroidManifest.xml:68:13-72:29
145                <action android:name="com.google.firebase.auth.api.gms.service.START" />
145-->[com.google.firebase:firebase-auth:21.0.1] AndroidManifest.xml:69:17-89
145-->[com.google.firebase:firebase-auth:21.0.1] AndroidManifest.xml:69:25-86
146
147                <category android:name="android.intent.category.DEFAULT" />
147-->[com.google.firebase:firebase-auth:21.0.1] AndroidManifest.xml:36:17-76
147-->[com.google.firebase:firebase-auth:21.0.1] AndroidManifest.xml:36:27-73
148            </intent-filter>
149        </service>
150
151        <provider
151-->[com.google.firebase:firebase-common:20.0.0] AndroidManifest.xml:26:9-31:39
152            android:name="com.google.firebase.provider.FirebaseInitProvider"
152-->[com.google.firebase:firebase-common:20.0.0] AndroidManifest.xml:27:13-77
153            android:authorities="com.example.flutter_application.firebaseinitprovider"
153-->[com.google.firebase:firebase-common:20.0.0] AndroidManifest.xml:28:13-72
154            android:directBootAware="true"
154-->[com.google.firebase:firebase-common:20.0.0] AndroidManifest.xml:29:13-43
155            android:exported="false"
155-->[com.google.firebase:firebase-common:20.0.0] AndroidManifest.xml:30:13-37
156            android:initOrder="100" />
156-->[com.google.firebase:firebase-common:20.0.0] AndroidManifest.xml:31:13-36
157
158        <activity
158-->[com.google.android.gms:play-services-base:17.1.0] AndroidManifest.xml:23:9-26:75
159            android:name="com.google.android.gms.common.api.GoogleApiActivity"
159-->[com.google.android.gms:play-services-base:17.1.0] AndroidManifest.xml:24:13-79
160            android:exported="false"
160-->[com.google.android.gms:play-services-base:17.1.0] AndroidManifest.xml:25:13-37
161            android:theme="@android:style/Theme.Translucent.NoTitleBar" />
161-->[com.google.android.gms:play-services-base:17.1.0] AndroidManifest.xml:26:13-72
162
163        <receiver
163-->[com.google.android.gms:play-services-measurement:19.0.2] AndroidManifest.xml:29:9-33:20
164            android:name="com.google.android.gms.measurement.AppMeasurementReceiver"
164-->[com.google.android.gms:play-services-measurement:19.0.2] AndroidManifest.xml:30:13-85
165            android:enabled="true"
165-->[com.google.android.gms:play-services-measurement:19.0.2] AndroidManifest.xml:31:13-35
166            android:exported="false" >
166-->[com.google.android.gms:play-services-measurement:19.0.2] AndroidManifest.xml:32:13-37
167        </receiver>
168
169        <service
169-->[com.google.android.gms:play-services-measurement:19.0.2] AndroidManifest.xml:35:9-38:40
170            android:name="com.google.android.gms.measurement.AppMeasurementService"
170-->[com.google.android.gms:play-services-measurement:19.0.2] AndroidManifest.xml:36:13-84
171            android:enabled="true"
171-->[com.google.android.gms:play-services-measurement:19.0.2] AndroidManifest.xml:37:13-35
172            android:exported="false" />
172-->[com.google.android.gms:play-services-measurement:19.0.2] AndroidManifest.xml:38:13-37
173        <service
173-->[com.google.android.gms:play-services-measurement:19.0.2] AndroidManifest.xml:39:9-43:72
174            android:name="com.google.android.gms.measurement.AppMeasurementJobService"
174-->[com.google.android.gms:play-services-measurement:19.0.2] AndroidManifest.xml:40:13-87
175            android:enabled="true"
175-->[com.google.android.gms:play-services-measurement:19.0.2] AndroidManifest.xml:41:13-35
176            android:exported="false"
176-->[com.google.android.gms:play-services-measurement:19.0.2] AndroidManifest.xml:42:13-37
177            android:permission="android.permission.BIND_JOB_SERVICE" />
177-->[com.google.android.gms:play-services-measurement:19.0.2] AndroidManifest.xml:43:13-69
178
179        <meta-data
179-->[com.google.android.gms:play-services-basement:17.1.0] AndroidManifest.xml:23:9-25:69
180            android:name="com.google.android.gms.version"
180-->[com.google.android.gms:play-services-basement:17.1.0] AndroidManifest.xml:24:13-58
181            android:value="@integer/google_play_services_version" />
181-->[com.google.android.gms:play-services-basement:17.1.0] AndroidManifest.xml:25:13-66
182    </application>
183
184</manifest>